05/07/2023 07:58:33.776165|::1| [trace] [b0530c359d3c1c9421e1c3e87b4d1588] index.php (108) include_once() : index.php File Initialized
05/07/2023 07:58:33.778821|::1| [trace] [b0530c359d3c1c9421e1c3e87b4d1588] database.class.inc (33) Database->connect() : Connecting to database. agency_report
05/07/2023 07:58:33.781179|::1| [error] [b0530c359d3c1c9421e1c3e87b4d1588] database.class.inc (40) Database->connect() : Database connected!. agency_report
05/07/2023 07:58:33.782151|::1| [trace] [b0530c359d3c1c9421e1c3e87b4d1588] database.class.inc (52) Database->query() : SET time_zone = '+5:45'
05/07/2023 07:58:33.783139|::1| [trace] [b0530c359d3c1c9421e1c3e87b4d1588] database.class.inc (33) Database->connect() : Connecting to database. asc_telkom_sub
05/07/2023 07:58:33.797061|::1| [error] [b0530c359d3c1c9421e1c3e87b4d1588] database.class.inc (40) Database->connect() : Database connected!. asc_telkom_sub
05/07/2023 07:58:33.798685|::1| [trace] [b0530c359d3c1c9421e1c3e87b4d1588] database.class.inc (52) Database->query() : SET time_zone = '+5:45'
05/07/2023 07:58:33.799551|::1| [trace] [b0530c359d3c1c9421e1c3e87b4d1588] database.class.inc (33) Database->connect() : Connecting to database. agency_callback_controller_tool
05/07/2023 07:58:33.801963|::1| [error] [b0530c359d3c1c9421e1c3e87b4d1588] database.class.inc (40) Database->connect() : Database connected!. agency_callback_controller_tool
05/07/2023 07:58:33.802747|::1| [trace] [b0530c359d3c1c9421e1c3e87b4d1588] database.class.inc (52) Database->query() : SET time_zone = '+5:45'
05/07/2023 07:58:33.807544|::1| [trace] [b0530c359d3c1c9421e1c3e87b4d1588] database.class.inc (52) Database->query() : SELECT DISTINCT agency_id as agentid, agency_name as agent_name FROM agency_list
05/07/2023 07:58:33.808882|::1| [trace] [b0530c359d3c1c9421e1c3e87b4d1588] database.class.inc (52) Database->query() : SELECT COUNT(*) AS totalhitcount FROM hit_analysis WHERE agentid = '27' AND transtime >= '2023-07-05 00:00:00' AND transtime <= '2023-07-05 23:59:59'
05/07/2023 07:58:33.836911|::1| [trace] [b0530c359d3c1c9421e1c3e87b4d1588] database.class.inc (52) Database->query() : SELECT COUNT(*) AS renewalcount FROM chargingtransaction AS ct, subscription s WHERE ct.requestedon >= '2023-07-05 00:00:00' AND ct.requestedon <= '2023-07-05 23:59:59' AND s.agent_id = '27' AND ct.type = 'Renewal' AND ct.`status` = 'success' AND s.op_subscription_id = ct.subscriptionid
05/07/2023 07:58:33.839807|::1| [trace] [b0530c359d3c1c9421e1c3e87b4d1588] database.class.inc (52) Database->query() : SELECT COUNT(*) AS totalhitcount FROM hit_analysis WHERE agentid = '28' AND transtime >= '2023-07-05 00:00:00' AND transtime <= '2023-07-05 23:59:59'
05/07/2023 07:58:33.871773|::1| [trace] [b0530c359d3c1c9421e1c3e87b4d1588] database.class.inc (52) Database->query() : SELECT COUNT(*) AS renewalcount FROM chargingtransaction AS ct, subscription s WHERE ct.requestedon >= '2023-07-05 00:00:00' AND ct.requestedon <= '2023-07-05 23:59:59' AND s.agent_id = '28' AND ct.type = 'Renewal' AND ct.`status` = 'success' AND s.op_subscription_id = ct.subscriptionid
05/07/2023 07:58:33.876383|::1| [trace] [b0530c359d3c1c9421e1c3e87b4d1588] database.class.inc (52) Database->query() : SELECT COUNT(*) AS totalhitcount FROM hit_analysis WHERE agentid = '29' AND transtime >= '2023-07-05 00:00:00' AND transtime <= '2023-07-05 23:59:59'
05/07/2023 07:58:33.903656|::1| [trace] [b0530c359d3c1c9421e1c3e87b4d1588] database.class.inc (52) Database->query() : SELECT COUNT(*) AS renewalcount FROM chargingtransaction AS ct, subscription s WHERE ct.requestedon >= '2023-07-05 00:00:00' AND ct.requestedon <= '2023-07-05 23:59:59' AND s.agent_id = '29' AND ct.type = 'Renewal' AND ct.`status` = 'success' AND s.op_subscription_id = ct.subscriptionid
05/07/2023 07:58:33.907005|::1| [trace] [b0530c359d3c1c9421e1c3e87b4d1588] database.class.inc (52) Database->query() : SELECT COUNT(*) AS totalhitcount FROM hit_analysis WHERE agentid = '30' AND transtime >= '2023-07-05 00:00:00' AND transtime <= '2023-07-05 23:59:59'
05/07/2023 07:58:33.937357|::1| [trace] [b0530c359d3c1c9421e1c3e87b4d1588] database.class.inc (52) Database->query() : SELECT COUNT(*) AS renewalcount FROM chargingtransaction AS ct, subscription s WHERE ct.requestedon >= '2023-07-05 00:00:00' AND ct.requestedon <= '2023-07-05 23:59:59' AND s.agent_id = '30' AND ct.type = 'Renewal' AND ct.`status` = 'success' AND s.op_subscription_id = ct.subscriptionid
05/07/2023 07:58:33.940340|::1| [trace] [b0530c359d3c1c9421e1c3e87b4d1588] database.class.inc (52) Database->query() : SELECT COUNT(*) AS totalhitcount FROM hit_analysis WHERE agentid = '31' AND transtime >= '2023-07-05 00:00:00' AND transtime <= '2023-07-05 23:59:59'
05/07/2023 07:58:33.966264|::1| [trace] [b0530c359d3c1c9421e1c3e87b4d1588] database.class.inc (52) Database->query() : SELECT COUNT(*) AS renewalcount FROM chargingtransaction AS ct, subscription s WHERE ct.requestedon >= '2023-07-05 00:00:00' AND ct.requestedon <= '2023-07-05 23:59:59' AND s.agent_id = '31' AND ct.type = 'Renewal' AND ct.`status` = 'success' AND s.op_subscription_id = ct.subscriptionid
05/07/2023 07:58:33.971035|::1| [trace] [b0530c359d3c1c9421e1c3e87b4d1588] database.class.inc (52) Database->query() : SELECT COUNT(*) AS totalhitcount FROM hit_analysis WHERE agentid = '32' AND transtime >= '2023-07-05 00:00:00' AND transtime <= '2023-07-05 23:59:59'
05/07/2023 07:58:33.996231|::1| [trace] [b0530c359d3c1c9421e1c3e87b4d1588] database.class.inc (52) Database->query() : SELECT COUNT(*) AS renewalcount FROM chargingtransaction AS ct, subscription s WHERE ct.requestedon >= '2023-07-05 00:00:00' AND ct.requestedon <= '2023-07-05 23:59:59' AND s.agent_id = '32' AND ct.type = 'Renewal' AND ct.`status` = 'success' AND s.op_subscription_id = ct.subscriptionid
05/07/2023 07:58:33.999521|::1| [trace] [b0530c359d3c1c9421e1c3e87b4d1588] database.class.inc (52) Database->query() : SELECT COUNT(*) AS totalhitcount FROM hit_analysis WHERE agentid = '33' AND transtime >= '2023-07-05 00:00:00' AND transtime <= '2023-07-05 23:59:59'
05/07/2023 07:58:34.025676|::1| [trace] [b0530c359d3c1c9421e1c3e87b4d1588] database.class.inc (52) Database->query() : SELECT COUNT(*) AS renewalcount FROM chargingtransaction AS ct, subscription s WHERE ct.requestedon >= '2023-07-05 00:00:00' AND ct.requestedon <= '2023-07-05 23:59:59' AND s.agent_id = '33' AND ct.type = 'Renewal' AND ct.`status` = 'success' AND s.op_subscription_id = ct.subscriptionid
05/07/2023 07:58:34.030128|::1| [trace] [b0530c359d3c1c9421e1c3e87b4d1588] database.class.inc (52) Database->query() : SELECT COUNT(*) AS totalhitcount FROM hit_analysis WHERE agentid = '34' AND transtime >= '2023-07-05 00:00:00' AND transtime <= '2023-07-05 23:59:59'
05/07/2023 07:58:34.064842|::1| [trace] [b0530c359d3c1c9421e1c3e87b4d1588] database.class.inc (52) Database->query() : SELECT COUNT(*) AS renewalcount FROM chargingtransaction AS ct, subscription s WHERE ct.requestedon >= '2023-07-05 00:00:00' AND ct.requestedon <= '2023-07-05 23:59:59' AND s.agent_id = '34' AND ct.type = 'Renewal' AND ct.`status` = 'success' AND s.op_subscription_id = ct.subscriptionid
05/07/2023 07:58:34.068487|::1| [trace] [b0530c359d3c1c9421e1c3e87b4d1588] database.class.inc (52) Database->query() : SELECT COUNT(*) AS totalhitcount FROM hit_analysis WHERE agentid = '36' AND transtime >= '2023-07-05 00:00:00' AND transtime <= '2023-07-05 23:59:59'
05/07/2023 07:58:34.099194|::1| [trace] [b0530c359d3c1c9421e1c3e87b4d1588] database.class.inc (52) Database->query() : SELECT COUNT(*) AS renewalcount FROM chargingtransaction AS ct, subscription s WHERE ct.requestedon >= '2023-07-05 00:00:00' AND ct.requestedon <= '2023-07-05 23:59:59' AND s.agent_id = '36' AND ct.type = 'Renewal' AND ct.`status` = 'success' AND s.op_subscription_id = ct.subscriptionid
05/07/2023 07:58:34.104572|::1| [trace] [b0530c359d3c1c9421e1c3e87b4d1588] database.class.inc (52) Database->query() : SELECT COUNT(*) AS totalhitcount FROM hit_analysis WHERE agentid = '37' AND transtime >= '2023-07-05 00:00:00' AND transtime <= '2023-07-05 23:59:59'
05/07/2023 07:58:34.130629|::1| [trace] [b0530c359d3c1c9421e1c3e87b4d1588] database.class.inc (52) Database->query() : SELECT COUNT(*) AS renewalcount FROM chargingtransaction AS ct, subscription s WHERE ct.requestedon >= '2023-07-05 00:00:00' AND ct.requestedon <= '2023-07-05 23:59:59' AND s.agent_id = '37' AND ct.type = 'Renewal' AND ct.`status` = 'success' AND s.op_subscription_id = ct.subscriptionid
05/07/2023 07:58:34.134613|::1| [trace] [b0530c359d3c1c9421e1c3e87b4d1588] database.class.inc (52) Database->query() : SELECT COUNT(*) AS totalhitcount FROM hit_analysis WHERE agentid = '39' AND transtime >= '2023-07-05 00:00:00' AND transtime <= '2023-07-05 23:59:59'
05/07/2023 07:58:34.158489|::1| [trace] [b0530c359d3c1c9421e1c3e87b4d1588] database.class.inc (52) Database->query() : SELECT COUNT(*) AS renewalcount FROM chargingtransaction AS ct, subscription s WHERE ct.requestedon >= '2023-07-05 00:00:00' AND ct.requestedon <= '2023-07-05 23:59:59' AND s.agent_id = '39' AND ct.type = 'Renewal' AND ct.`status` = 'success' AND s.op_subscription_id = ct.subscriptionid
05/07/2023 07:58:34.162266|::1| [trace] [b0530c359d3c1c9421e1c3e87b4d1588] database.class.inc (52) Database->query() : SELECT COUNT(*) AS totalhitcount FROM hit_analysis WHERE agentid = '40' AND transtime >= '2023-07-05 00:00:00' AND transtime <= '2023-07-05 23:59:59'
05/07/2023 07:58:34.190129|::1| [trace] [b0530c359d3c1c9421e1c3e87b4d1588] database.class.inc (52) Database->query() : SELECT COUNT(*) AS renewalcount FROM chargingtransaction AS ct, subscription s WHERE ct.requestedon >= '2023-07-05 00:00:00' AND ct.requestedon <= '2023-07-05 23:59:59' AND s.agent_id = '40' AND ct.type = 'Renewal' AND ct.`status` = 'success' AND s.op_subscription_id = ct.subscriptionid
